<?xml version="1.0" encoding="UTF-8"?>
<robot generator="Robot 6.0 (Python 3.7.1 on win32)" generated="20221123 15:04:14.788" rpa="false" schemaversion="3">
<suite id="s1" name="Tests" source="D:\Dev_RF_Udemy_2022_11_02\developpement\notre_ihmRF\tests">
<suite id="s1-s1" name="Main" source="D:\Dev_RF_Udemy_2022_11_02\developpement\notre_ihmRF\tests\main.robot">
<kw name="Begin Web Test" library="commun" type="SETUP">
<kw name="Open Browser" library="SeleniumLibrary">
<arg>about:blank</arg>
<arg>${BROWSER}</arg>
<doc>Opens a new browser instance to the optional ``url``.</doc>
<msg timestamp="20221123 15:04:15.538" level="INFO">Opening browser 'chrome' to base url 'about:blank'.</msg>
<status status="PASS" starttime="20221123 15:04:15.538" endtime="20221123 15:04:18.349"/>
</kw>
<kw name="Maximize Browser Window" library="SeleniumLibrary">
<doc>Maximizes current browser window.</doc>
<status status="PASS" starttime="20221123 15:04:18.349" endtime="20221123 15:04:18.475"/>
</kw>
<status status="PASS" starttime="20221123 15:04:15.538" endtime="20221123 15:04:18.475"/>
</kw>
<test id="s1-s1-t1" name="Voir Produits Disponibles" line="9">
<kw name="Charger La Page Web" library="PageAccueil">
<kw name="Go To" library="SeleniumLibrary">
<arg>https://www.amazon.fr</arg>
<doc>Navigates the current browser window to the provided ``url``.</doc>
<msg timestamp="20221123 15:04:18.475" level="INFO">Opening url 'https://www.amazon.fr'</msg>
<status status="PASS" starttime="20221123 15:04:18.475" endtime="20221123 15:04:21.499"/>
</kw>
<kw name="Wait Until Page Contains" library="SeleniumLibrary">
<arg>Amazon</arg>
<doc>Waits until ``text`` appears on the current page.</doc>
<status status="PASS" starttime="20221123 15:04:21.500" endtime="20221123 15:04:21.623"/>
</kw>
<status status="PASS" starttime="20221123 15:04:18.475" endtime="20221123 15:04:21.623"/>
</kw>
<kw name="Rechercher le produit" library="PageAccueil">
<kw name="Clear Element Text" library="SeleniumLibrary">
<arg>xpath=//*[@id="twotabsearchtextbox"]</arg>
<doc>Clears the value of the text-input-element identified by ``locator``.</doc>
<status status="PASS" starttime="20221123 15:04:21.624" endtime="20221123 15:04:21.811"/>
</kw>
<kw name="Input Text" library="SeleniumLibrary">
<arg>xpath=//*[@id="twotabsearchtextbox"]</arg>
<arg>rj45 cable</arg>
<doc>Types the given ``text`` into the text field identified by ``locator``.</doc>
<msg timestamp="20221123 15:04:21.815" level="INFO">Typing text 'rj45 cable' into text field 'xpath=//*[@id="twotabsearchtextbox"]'.</msg>
<status status="PASS" starttime="20221123 15:04:21.812" endtime="20221123 15:04:22.142"/>
</kw>
<kw name="Wait Until Page Contains" library="SeleniumLibrary">
<arg>rj45 cable</arg>
<doc>Waits until ``text`` appears on the current page.</doc>
<status status="PASS" starttime="20221123 15:04:22.143" endtime="20221123 15:04:22.439"/>
</kw>
<status status="PASS" starttime="20221123 15:04:21.624" endtime="20221123 15:04:22.439"/>
</kw>
<status status="PASS" starttime="20221123 15:04:18.475" endtime="20221123 15:04:22.440"/>
</test>
<kw name="End Web Test" library="commun" type="TEARDOWN">
<kw name="Close Browser" library="SeleniumLibrary">
<doc>Closes the current browser.</doc>
<status status="PASS" starttime="20221123 15:04:22.443" endtime="20221123 15:04:24.660"/>
</kw>
<status status="PASS" starttime="20221123 15:04:22.443" endtime="20221123 15:04:24.660"/>
</kw>
<status status="PASS" starttime="20221123 15:04:14.850" endtime="20221123 15:04:24.660"/>
</suite>
<status status="PASS" starttime="20221123 15:04:14.788" endtime="20221123 15:04:24.660"/>
</suite>
<statistics>
<total>
<stat pass="1" fail="0" skip="0">All Tests</stat>
</total>
<tag>
</tag>
<suite>
<stat pass="1" fail="0" skip="0" id="s1" name="Tests">Tests</stat>
<stat pass="1" fail="0" skip="0" id="s1-s1" name="Main">Tests.Main</stat>
</suite>
</statistics>
<errors>
</errors>
</robot>
