<?xml version="1.0" encoding="UTF-8"?>
<robot generator="Robot 6.0 (Python 3.7.1 on win32)" generated="20221103 21:23:19.605" rpa="false" schemaversion="3">
<suite id="s1" name="Tests" source="D:\Dev_RF_Udemy_2022_11_02\developpement\notre_ihmRF\tests">
<suite id="s1-s1" name="Main" source="D:\Dev_RF_Udemy_2022_11_02\developpement\notre_ihmRF\tests\main.robot">
<kw name="Begin Web Test" library="commun" type="SETUP">
<kw name="Open Browser" library="SeleniumLibrary">
<arg>about:blank</arg>
<arg>${BROWSER}</arg>
<doc>Opens a new browser instance to the optional ``url``.</doc>
<msg timestamp="20221103 21:23:19.845" level="INFO">Opening browser 'chrome' to base url 'about:blank'.</msg>
<status status="PASS" starttime="20221103 21:23:19.845" endtime="20221103 21:23:21.311"/>
</kw>
<kw name="Maximize Browser Window" library="SeleniumLibrary">
<doc>Maximizes current browser window.</doc>
<status status="PASS" starttime="20221103 21:23:21.311" endtime="20221103 21:23:21.438"/>
</kw>
<status status="PASS" starttime="20221103 21:23:19.845" endtime="20221103 21:23:21.438"/>
</kw>
<test id="s1-s1-t1" name="Voir Produits Disponibles" line="9">
<kw name="Charger La Page Web" library="PageAccueil">
<kw name="Go To" library="SeleniumLibrary">
<arg>https://www.amazon.fr</arg>
<doc>Navigates the current browser window to the provided ``url``.</doc>
<msg timestamp="20221103 21:23:21.438" level="INFO">Opening url 'https://www.amazon.fr'</msg>
<status status="PASS" starttime="20221103 21:23:21.438" endtime="20221103 21:23:23.664"/>
</kw>
<kw name="Wait Until Page Contains" library="SeleniumLibrary">
<arg>Amazon</arg>
<doc>Waits until ``text`` appears on the current page.</doc>
<status status="PASS" starttime="20221103 21:23:23.664" endtime="20221103 21:23:23.718"/>
</kw>
<status status="PASS" starttime="20221103 21:23:21.438" endtime="20221103 21:23:23.718"/>
</kw>
<kw name="Rechercher le produit" library="PageAccueil">
<kw name="Clear Element Text" library="SeleniumLibrary">
<arg>xpath=//*[@id="twotabsearchtextbox"]</arg>
<doc>Clears the value of the text-input-element identified by ``locator``.</doc>
<status status="PASS" starttime="20221103 21:23:23.720" endtime="20221103 21:23:23.795"/>
</kw>
<kw name="Input Text" library="SeleniumLibrary">
<arg>xpath=//*[@id="twotabsearchtextbox"]</arg>
<arg>rj45 cable</arg>
<doc>Types the given ``text`` into the text field identified by ``locator``.</doc>
<msg timestamp="20221103 21:23:23.796" level="INFO">Typing text 'rj45 cable' into text field 'xpath=//*[@id="twotabsearchtextbox"]'.</msg>
<status status="PASS" starttime="20221103 21:23:23.795" endtime="20221103 21:23:23.975"/>
</kw>
<kw name="Wait Until Page Contains" library="SeleniumLibrary">
<arg>rj45 cable</arg>
<doc>Waits until ``text`` appears on the current page.</doc>
<status status="PASS" starttime="20221103 21:23:23.976" endtime="20221103 21:23:24.263"/>
</kw>
<status status="PASS" starttime="20221103 21:23:23.719" endtime="20221103 21:23:24.263"/>
</kw>
<status status="PASS" starttime="20221103 21:23:21.438" endtime="20221103 21:23:24.264"/>
</test>
<kw name="End Web Test" library="commun" type="TEARDOWN">
<kw name="Close Browser" library="SeleniumLibrary">
<doc>Closes the current browser.</doc>
<status status="PASS" starttime="20221103 21:23:24.266" endtime="20221103 21:23:26.473"/>
</kw>
<status status="PASS" starttime="20221103 21:23:24.266" endtime="20221103 21:23:26.473"/>
</kw>
<status status="PASS" starttime="20221103 21:23:19.636" endtime="20221103 21:23:26.473"/>
</suite>
<status status="PASS" starttime="20221103 21:23:19.605" endtime="20221103 21:23:26.473"/>
</suite>
<statistics>
<total>
<stat pass="1" fail="0" skip="0">All Tests</stat>
</total>
<tag>
</tag>
<suite>
<stat pass="1" fail="0" skip="0" id="s1" name="Tests">Tests</stat>
<stat pass="1" fail="0" skip="0" id="s1-s1" name="Main">Tests.Main</stat>
</suite>
</statistics>
<errors>
</errors>
</robot>
